Performing C SOURCE FILE Test BLAS_C_COMPILER_WRAPPER failed with the following output:
Change Dir: /albedo/home/ogurses/GCB2024/fesom2_sp/build/CMakeFiles/CMakeTmp

Run Build Command(s):/usr/bin/gmake -f Makefile cmTC_351e2/fast && /usr/bin/gmake  -f CMakeFiles/cmTC_351e2.dir/build.make CMakeFiles/cmTC_351e2.dir/build
gmake[1]: Entering directory '/albedo/home/ogurses/GCB2024/fesom2_sp/build/CMakeFiles/CMakeTmp'
Building C object CMakeFiles/cmTC_351e2.dir/src.c.o
/albedo/soft/sw/spack-sw/intel-oneapi-mpi/2021.6.0-ypwmdz5/mpi/2021.6.0/bin/mpiicc -DBLAS_C_COMPILER_WRAPPER  -c -MD -MT CMakeFiles/cmTC_351e2.dir/src.c.o -MF CMakeFiles/cmTC_351e2.dir/src.c.o.d -o CMakeFiles/cmTC_351e2.dir/src.c.o -c /albedo/home/ogurses/GCB2024/fesom2_sp/build/CMakeFiles/CMakeTmp/src.c
/albedo/home/ogurses/GCB2024/fesom2_sp/build/CMakeFiles/CMakeTmp/src.c(1): catastrophic error: cannot open source file "cblas.h"
  	#include <cblas.h>
  	                  ^

compilation aborted for /albedo/home/ogurses/GCB2024/fesom2_sp/build/CMakeFiles/CMakeTmp/src.c (code 4)
gmake[1]: *** [CMakeFiles/cmTC_351e2.dir/build.make:79: CMakeFiles/cmTC_351e2.dir/src.c.o] Error 4
gmake[1]: Leaving directory '/albedo/home/ogurses/GCB2024/fesom2_sp/build/CMakeFiles/CMakeTmp'
gmake: *** [Makefile:127: cmTC_351e2/fast] Error 2


Source file was:
	#include <cblas.h>
	typedef void (*foo)(const enum CBLAS_ORDER, const enum CBLAS_TRANSPOSE,
		const enum CBLAS_TRANSPOSE, const int, const int,
		const int, const float, const float *,
		const int, const float *, const int,
		const float, float *, const int);
	foo func = &cblas_sgemm;

Determining if the Fortran NCCRE exists failed with the following output:
Change Dir: /albedo/home/ogurses/GCB2024/fesom2_sp/build/CMakeFiles/CMakeTmp

Run Build Command(s):/usr/bin/gmake -f Makefile cmTC_4f2c5/fast && /usr/bin/gmake  -f CMakeFiles/cmTC_4f2c5.dir/build.make CMakeFiles/cmTC_4f2c5.dir/build
gmake[1]: Entering directory '/albedo/home/ogurses/GCB2024/fesom2_sp/build/CMakeFiles/CMakeTmp'
Building Fortran object CMakeFiles/cmTC_4f2c5.dir/testFortranCompiler.f.o
/albedo/soft/sw/spack-sw/intel-oneapi-mpi/2021.6.0-ypwmdz5/mpi/2021.6.0/bin/mpiifort  -qmkl    -c /albedo/home/ogurses/GCB2024/fesom2_sp/build/CMakeFiles/CMakeTmp/testFortranCompiler.f -o CMakeFiles/cmTC_4f2c5.dir/testFortranCompiler.f.o
Linking Fortran executable cmTC_4f2c5
/usr/bin/cmake -E cmake_link_script CMakeFiles/cmTC_4f2c5.dir/link.txt --verbose=1
/albedo/soft/sw/spack-sw/intel-oneapi-mpi/2021.6.0-ypwmdz5/mpi/2021.6.0/bin/mpiifort  -qmkl CMakeFiles/cmTC_4f2c5.dir/testFortranCompiler.f.o -o cmTC_4f2c5 
CMakeFiles/cmTC_4f2c5.dir/testFortranCompiler.f.o: In function `MAIN__':
testFortranCompiler.f:(.text+0x37): undefined reference to `nccre_'
gmake[1]: *** [CMakeFiles/cmTC_4f2c5.dir/build.make:99: cmTC_4f2c5] Error 1
gmake[1]: Leaving directory '/albedo/home/ogurses/GCB2024/fesom2_sp/build/CMakeFiles/CMakeTmp'
gmake: *** [Makefile:127: cmTC_4f2c5/fast] Error 2



Determining if the function nc__create exists failed with the following output:
Change Dir: /albedo/home/ogurses/GCB2024/fesom2_sp/build/CMakeFiles/CMakeTmp

Run Build Command(s):/usr/bin/gmake -f Makefile cmTC_86a0d/fast && /usr/bin/gmake  -f CMakeFiles/cmTC_86a0d.dir/build.make CMakeFiles/cmTC_86a0d.dir/build
gmake[1]: Entering directory '/albedo/home/ogurses/GCB2024/fesom2_sp/build/CMakeFiles/CMakeTmp'
Building C object CMakeFiles/cmTC_86a0d.dir/CheckFunctionExists.c.o
/albedo/soft/sw/spack-sw/intel-oneapi-mpi/2021.6.0-ypwmdz5/mpi/2021.6.0/bin/mpiicc   -DCHECK_FUNCTION_EXISTS=nc__create -MD -MT CMakeFiles/cmTC_86a0d.dir/CheckFunctionExists.c.o -MF CMakeFiles/cmTC_86a0d.dir/CheckFunctionExists.c.o.d -o CMakeFiles/cmTC_86a0d.dir/CheckFunctionExists.c.o -c /usr/share/cmake/Modules/CheckFunctionExists.c
Linking C executable cmTC_86a0d
/usr/bin/cmake -E cmake_link_script CMakeFiles/cmTC_86a0d.dir/link.txt --verbose=1
/albedo/soft/sw/spack-sw/intel-oneapi-mpi/2021.6.0-ypwmdz5/mpi/2021.6.0/bin/mpiicc  -DCHECK_FUNCTION_EXISTS=nc__create CMakeFiles/cmTC_86a0d.dir/CheckFunctionExists.c.o -o cmTC_86a0d 
CMakeFiles/cmTC_86a0d.dir/CheckFunctionExists.c.o: In function `main':
CheckFunctionExists.c:(.text+0x30): undefined reference to `nc__create'
gmake[1]: *** [CMakeFiles/cmTC_86a0d.dir/build.make:100: cmTC_86a0d] Error 1
gmake[1]: Leaving directory '/albedo/home/ogurses/GCB2024/fesom2_sp/build/CMakeFiles/CMakeTmp'
gmake: *** [Makefile:127: cmTC_86a0d/fast] Error 2



